<?xml version="1.0" encoding="UTF-8"?>
<!-- Generated by org.testng.reporters.JUnitReportReporter -->
<testsuite hostname="LAPTOP-Q2P69Q81" name="testCases.testCase1" tests="2" failures="0" timestamp="27 Apr 2019 08:32:46 GMT" time="29.888" errors="0">
  <testcase name="testCase1" time="29.359" classname="testCases.testCase1"/>
  <testcase name="testCase2" time="0.529" classname="testCases.testCase1"/>
</testsuite> <!-- testCases.testCase1 -->
