<?xml version="1.0" encoding="UTF-8"?>
<!-- Generated by org.testng.reporters.JUnitReportReporter -->
<testsuite hostname="LAPTOP-Q2P69Q81" name="multipleTestCases.testCaseA" tests="2" failures="0" timestamp="27 Apr 2019 09:56:15 GMT" time="0.005" errors="0">
  <testcase name="testa" time="0.003" classname="multipleTestCases.testCaseA"/>
  <testcase name="testd" time="0.002" classname="multipleTestCases.testCaseA"/>
</testsuite> <!-- multipleTestCases.testCaseA -->
