<?xml version="1.0" encoding="UTF-8"?>
<!-- Generated by org.testng.reporters.JUnitReportReporter -->
<testsuite hostname="LAPTOP-Q2P69Q81" name="testNGDemo.testCase2" tests="4" failures="0" timestamp="21 Apr 2019 09:25:22 GMT" time="0.022" errors="0">
  <testcase name="test" time="0.002" classname="testNGDemo.testCase2"/>
  <testcase name="test1" time="0.015" classname="testNGDemo.testCase2"/>
  <testcase name="test2" time="0.001" classname="testNGDemo.testCase2"/>
  <testcase name="test3" time="0.004" classname="testNGDemo.testCase2"/>
</testsuite> <!-- testNGDemo.testCase2 -->
