<?xml version="1.0" encoding="UTF-8"?>
<!-- Generated by org.testng.reporters.JUnitReportReporter -->
<testsuite hostname="LAPTOP-Q2P69Q81" name="testNGDemo.ParameterisationTestNG2" tests="1" failures="0" timestamp="28 Apr 2019 10:31:55 GMT" time="0.001" errors="0">
  <testcase name="loginTest2" time="0.001" classname="testNGDemo.ParameterisationTestNG2"/>
</testsuite> <!-- testNGDemo.ParameterisationTestNG2 -->
