<?xml version="1.0" encoding="UTF-8"?>
<!-- Generated by org.testng.reporters.JUnitReportReporter -->
<testsuite hostname="LAPTOP-Q2P69Q81" name="testNGDemo.ParameterisationTestNG" tests="1" failures="0" timestamp="28 Apr 2019 10:32:24 GMT" time="0.012" errors="0">
  <testcase name="loginTest1" time="0.012" classname="testNGDemo.ParameterisationTestNG"/>
</testsuite> <!-- testNGDemo.ParameterisationTestNG -->
