<?xml version="1.0" encoding="UTF-8"?>
<!-- Generated by org.testng.reporters.JUnitReportReporter -->
<testsuite hostname="LAPTOP-Q2P69Q81" name="multipleTestCases.testCaseC" tests="1" failures="0" timestamp="27 Apr 2019 09:56:15 GMT" time="0.004" errors="0">
  <testcase name="testc" time="0.004" classname="multipleTestCases.testCaseC"/>
</testsuite> <!-- multipleTestCases.testCaseC -->
