<?xml version="1.0" encoding="UTF-8"?>
<!-- Generated by org.testng.reporters.JUnitReportReporter -->
<testsuite hostname="LAPTOP-Q2P69Q81" name="testNGDemo.testCase1" tests="3" failures="0" timestamp="21 Apr 2019 09:16:00 GMT" time="0.020" errors="0">
  <testcase name="test2" time="0.003" classname="testNGDemo.testCase1"/>
  <testcase name="test" time="0.002" classname="testNGDemo.testCase1"/>
  <testcase name="test1" time="0.015" classname="testNGDemo.testCase1"/>
</testsuite> <!-- testNGDemo.testCase1 -->
